2024-12-17 20:55:18,450 - INFO - Layer: conv1, Avg kernel 0 ratio: 0.5392
2024-12-17 20:55:18,450 - INFO - Layer: layer1.0.conv1, Avg kernel 0 ratio: 0.5381
2024-12-17 20:55:18,450 - INFO - Layer: layer1.0.conv2, Avg kernel 0 ratio: 0.5928
2024-12-17 20:55:18,450 - INFO - Layer: layer1.0.conv3, Avg kernel 0 ratio: 0.6057
2024-12-17 20:55:18,450 - INFO - Layer: layer1.0.downsample.0, Avg kernel 0 ratio: 0.6074
2024-12-17 20:55:18,450 - INFO - Layer: layer1.1.conv1, Avg kernel 0 ratio: 0.5828
2024-12-17 20:55:18,450 - INFO - Layer: layer1.1.conv2, Avg kernel 0 ratio: 0.5690
2024-12-17 20:55:18,450 - INFO - Layer: layer1.1.conv3, Avg kernel 0 ratio: 0.5637
2024-12-17 20:55:18,450 - INFO - Layer: layer1.2.conv1, Avg kernel 0 ratio: 0.5242
2024-12-17 20:55:18,450 - INFO - Layer: layer1.2.conv2, Avg kernel 0 ratio: 0.5320
2024-12-17 20:55:18,450 - INFO - Layer: layer1.2.conv3, Avg kernel 0 ratio: 0.5769
2024-12-17 20:55:18,450 - INFO - Layer: layer2.0.conv1, Avg kernel 0 ratio: 0.5387
2024-12-17 20:55:18,450 - INFO - Layer: layer2.0.conv2, Avg kernel 0 ratio: 0.5321
2024-12-17 20:55:18,450 - INFO - Layer: layer2.0.conv3, Avg kernel 0 ratio: 0.5974
2024-12-17 20:55:18,450 - INFO - Layer: layer2.0.downsample.0, Avg kernel 0 ratio: 0.6125
2024-12-17 20:55:18,451 - INFO - Layer: layer2.1.conv1, Avg kernel 0 ratio: 0.6081
2024-12-17 20:55:18,451 - INFO - Layer: layer2.1.conv2, Avg kernel 0 ratio: 0.5592
2024-12-17 20:55:18,451 - INFO - Layer: layer2.1.conv3, Avg kernel 0 ratio: 0.5811
2024-12-17 20:55:18,451 - INFO - Layer: layer2.2.conv1, Avg kernel 0 ratio: 0.5482
2024-12-17 20:55:18,451 - INFO - Layer: layer2.2.conv2, Avg kernel 0 ratio: 0.5330
2024-12-17 20:55:18,451 - INFO - Layer: layer2.2.conv3, Avg kernel 0 ratio: 0.5385
2024-12-17 20:55:18,451 - INFO - Layer: layer2.3.conv1, Avg kernel 0 ratio: 0.5452
2024-12-17 20:55:18,451 - INFO - Layer: layer2.3.conv2, Avg kernel 0 ratio: 0.5384
2024-12-17 20:55:18,451 - INFO - Layer: layer2.3.conv3, Avg kernel 0 ratio: 0.5588
2024-12-17 20:55:18,451 - INFO - Layer: layer3.0.conv1, Avg kernel 0 ratio: 0.5538
2024-12-17 20:55:18,451 - INFO - Layer: layer3.0.conv2, Avg kernel 0 ratio: 0.5336
2024-12-17 20:55:18,451 - INFO - Layer: layer3.0.conv3, Avg kernel 0 ratio: 0.5620
2024-12-17 20:55:18,451 - INFO - Layer: layer3.0.downsample.0, Avg kernel 0 ratio: 0.5657
2024-12-17 20:55:18,451 - INFO - Layer: layer3.1.conv1, Avg kernel 0 ratio: 0.5863
2024-12-17 20:55:18,451 - INFO - Layer: layer3.1.conv2, Avg kernel 0 ratio: 0.5469
2024-12-17 20:55:18,451 - INFO - Layer: layer3.1.conv3, Avg kernel 0 ratio: 0.5737
2024-12-17 20:55:18,451 - INFO - Layer: layer3.2.conv1, Avg kernel 0 ratio: 0.5618
2024-12-17 20:55:18,451 - INFO - Layer: layer3.2.conv2, Avg kernel 0 ratio: 0.5535
2024-12-17 20:55:18,451 - INFO - Layer: layer3.2.conv3, Avg kernel 0 ratio: 0.5633
2024-12-17 20:55:18,451 - INFO - Layer: layer3.3.conv1, Avg kernel 0 ratio: 0.5646
2024-12-17 20:55:18,451 - INFO - Layer: layer3.3.conv2, Avg kernel 0 ratio: 0.5612
2024-12-17 20:55:18,451 - INFO - Layer: layer3.3.conv3, Avg kernel 0 ratio: 0.5698
2024-12-17 20:55:18,451 - INFO - Layer: layer3.4.conv1, Avg kernel 0 ratio: 0.5682
2024-12-17 20:55:18,451 - INFO - Layer: layer3.4.conv2, Avg kernel 0 ratio: 0.5648
2024-12-17 20:55:18,451 - INFO - Layer: layer3.4.conv3, Avg kernel 0 ratio: 0.5785
2024-12-17 20:55:18,451 - INFO - Layer: layer3.5.conv1, Avg kernel 0 ratio: 0.5706
2024-12-17 20:55:18,451 - INFO - Layer: layer3.5.conv2, Avg kernel 0 ratio: 0.5674
2024-12-17 20:55:18,451 - INFO - Layer: layer3.5.conv3, Avg kernel 0 ratio: 0.5900
2024-12-17 20:55:18,451 - INFO - Layer: layer4.0.conv1, Avg kernel 0 ratio: 0.5705
2024-12-17 20:55:18,451 - INFO - Layer: layer4.0.conv2, Avg kernel 0 ratio: 0.5790
2024-12-17 20:55:18,451 - INFO - Layer: layer4.0.conv3, Avg kernel 0 ratio: 0.5791
2024-12-17 20:55:18,451 - INFO - Layer: layer4.0.downsample.0, Avg kernel 0 ratio: 0.6067
2024-12-17 20:55:18,451 - INFO - Layer: layer4.1.conv1, Avg kernel 0 ratio: 0.6155
2024-12-17 20:55:18,451 - INFO - Layer: layer4.1.conv2, Avg kernel 0 ratio: 0.5662
2024-12-17 20:55:18,451 - INFO - Layer: layer4.1.conv3, Avg kernel 0 ratio: 0.5524
2024-12-17 20:55:18,451 - INFO - Layer: layer4.2.conv1, Avg kernel 0 ratio: 0.5680
2024-12-17 20:55:18,451 - INFO - Layer: layer4.2.conv2, Avg kernel 0 ratio: 0.5527
2024-12-17 20:55:18,451 - INFO - Layer: layer4.2.conv3, Avg kernel 0 ratio: 0.5686
2024-12-17 20:55:18,451 - INFO - Layer: fc, Avg kernel 0 ratio: 0.6293
2024-12-17 21:01:30,466 - INFO - Layer: conv1, Avg kernel compress ratio: 0.5392
2024-12-17 21:01:30,469 - INFO - Layer: layer1.0.conv1, Avg kernel compress ratio: 0.5381
2024-12-17 21:01:30,469 - INFO - Layer: layer1.0.conv2, Avg kernel compress ratio: 0.5928
2024-12-17 21:01:30,469 - INFO - Layer: layer1.0.conv3, Avg kernel compress ratio: 0.6057
2024-12-17 21:01:30,469 - INFO - Layer: layer1.0.downsample.0, Avg kernel compress ratio: 0.6074
2024-12-17 21:01:30,469 - INFO - Layer: layer1.1.conv1, Avg kernel compress ratio: 0.5828
2024-12-17 21:01:30,469 - INFO - Layer: layer1.1.conv2, Avg kernel compress ratio: 0.5690
2024-12-17 21:01:30,469 - INFO - Layer: layer1.1.conv3, Avg kernel compress ratio: 0.5637
2024-12-17 21:01:30,469 - INFO - Layer: layer1.2.conv1, Avg kernel compress ratio: 0.5242
2024-12-17 21:01:30,469 - INFO - Layer: layer1.2.conv2, Avg kernel compress ratio: 0.5320
2024-12-17 21:01:30,469 - INFO - Layer: layer1.2.conv3, Avg kernel compress ratio: 0.5769
2024-12-17 21:01:30,469 - INFO - Layer: layer2.0.conv1, Avg kernel compress ratio: 0.5387
2024-12-17 21:01:30,469 - INFO - Layer: layer2.0.conv2, Avg kernel compress ratio: 0.5321
2024-12-17 21:01:30,469 - INFO - Layer: layer2.0.conv3, Avg kernel compress ratio: 0.5974
2024-12-17 21:01:30,469 - INFO - Layer: layer2.0.downsample.0, Avg kernel compress ratio: 0.6125
2024-12-17 21:01:30,469 - INFO - Layer: layer2.1.conv1, Avg kernel compress ratio: 0.6081
2024-12-17 21:01:30,469 - INFO - Layer: layer2.1.conv2, Avg kernel compress ratio: 0.5592
2024-12-17 21:01:30,469 - INFO - Layer: layer2.1.conv3, Avg kernel compress ratio: 0.5811
2024-12-17 21:01:30,469 - INFO - Layer: layer2.2.conv1, Avg kernel compress ratio: 0.5482
2024-12-17 21:01:30,469 - INFO - Layer: layer2.2.conv2, Avg kernel compress ratio: 0.5330
2024-12-17 21:01:30,469 - INFO - Layer: layer2.2.conv3, Avg kernel compress ratio: 0.5385
2024-12-17 21:01:30,469 - INFO - Layer: layer2.3.conv1, Avg kernel compress ratio: 0.5452
2024-12-17 21:01:30,469 - INFO - Layer: layer2.3.conv2, Avg kernel compress ratio: 0.5384
2024-12-17 21:01:30,469 - INFO - Layer: layer2.3.conv3, Avg kernel compress ratio: 0.5588
2024-12-17 21:01:30,470 - INFO - Layer: layer3.0.conv1, Avg kernel compress ratio: 0.5538
2024-12-17 21:01:30,470 - INFO - Layer: layer3.0.conv2, Avg kernel compress ratio: 0.5336
2024-12-17 21:01:30,470 - INFO - Layer: layer3.0.conv3, Avg kernel compress ratio: 0.5620
2024-12-17 21:01:30,470 - INFO - Layer: layer3.0.downsample.0, Avg kernel compress ratio: 0.5657
2024-12-17 21:01:30,470 - INFO - Layer: layer3.1.conv1, Avg kernel compress ratio: 0.5863
2024-12-17 21:01:30,470 - INFO - Layer: layer3.1.conv2, Avg kernel compress ratio: 0.5469
2024-12-17 21:01:30,470 - INFO - Layer: layer3.1.conv3, Avg kernel compress ratio: 0.5737
2024-12-17 21:01:30,470 - INFO - Layer: layer3.2.conv1, Avg kernel compress ratio: 0.5618
2024-12-17 21:01:30,470 - INFO - Layer: layer3.2.conv2, Avg kernel compress ratio: 0.5535
2024-12-17 21:01:30,470 - INFO - Layer: layer3.2.conv3, Avg kernel compress ratio: 0.5633
2024-12-17 21:01:30,470 - INFO - Layer: layer3.3.conv1, Avg kernel compress ratio: 0.5646
2024-12-17 21:01:30,470 - INFO - Layer: layer3.3.conv2, Avg kernel compress ratio: 0.5612
2024-12-17 21:01:30,470 - INFO - Layer: layer3.3.conv3, Avg kernel compress ratio: 0.5698
2024-12-17 21:01:30,470 - INFO - Layer: layer3.4.conv1, Avg kernel compress ratio: 0.5682
2024-12-17 21:01:30,470 - INFO - Layer: layer3.4.conv2, Avg kernel compress ratio: 0.5648
2024-12-17 21:01:30,470 - INFO - Layer: layer3.4.conv3, Avg kernel compress ratio: 0.5785
2024-12-17 21:01:30,470 - INFO - Layer: layer3.5.conv1, Avg kernel compress ratio: 0.5706
2024-12-17 21:01:30,470 - INFO - Layer: layer3.5.conv2, Avg kernel compress ratio: 0.5674
2024-12-17 21:01:30,470 - INFO - Layer: layer3.5.conv3, Avg kernel compress ratio: 0.5900
2024-12-17 21:01:30,470 - INFO - Layer: layer4.0.conv1, Avg kernel compress ratio: 0.5705
2024-12-17 21:01:30,470 - INFO - Layer: layer4.0.conv2, Avg kernel compress ratio: 0.5790
2024-12-17 21:01:30,470 - INFO - Layer: layer4.0.conv3, Avg kernel compress ratio: 0.5791
2024-12-17 21:01:30,470 - INFO - Layer: layer4.0.downsample.0, Avg kernel compress ratio: 0.6067
2024-12-17 21:01:30,470 - INFO - Layer: layer4.1.conv1, Avg kernel compress ratio: 0.6155
2024-12-17 21:01:30,470 - INFO - Layer: layer4.1.conv2, Avg kernel compress ratio: 0.5662
2024-12-17 21:01:30,470 - INFO - Layer: layer4.1.conv3, Avg kernel compress ratio: 0.5524
2024-12-17 21:01:30,470 - INFO - Layer: layer4.2.conv1, Avg kernel compress ratio: 0.5680
2024-12-17 21:01:30,470 - INFO - Layer: layer4.2.conv2, Avg kernel compress ratio: 0.5527
2024-12-17 21:01:30,470 - INFO - Layer: layer4.2.conv3, Avg kernel compress ratio: 0.5686
2024-12-17 21:01:30,470 - INFO - Layer: fc, Avg kernel compress ratio: 0.6293
2024-12-20 10:27:28,662 - INFO - Layer: conv1, Avg kernel 0 ratio: 0.5392
2024-12-20 10:27:28,663 - INFO - Layer: layer1.0.conv1, Avg kernel 0 ratio: 0.5381
2024-12-20 10:27:28,663 - INFO - Layer: layer1.0.conv2, Avg kernel 0 ratio: 0.5928
2024-12-20 10:27:28,663 - INFO - Layer: layer1.0.conv3, Avg kernel 0 ratio: 0.6057
2024-12-20 10:27:28,663 - INFO - Layer: layer1.0.downsample.0, Avg kernel 0 ratio: 0.6074
2024-12-20 10:27:28,663 - INFO - Layer: layer1.1.conv1, Avg kernel 0 ratio: 0.5828
2024-12-20 10:27:28,663 - INFO - Layer: layer1.1.conv2, Avg kernel 0 ratio: 0.5690
2024-12-20 10:27:28,663 - INFO - Layer: layer1.1.conv3, Avg kernel 0 ratio: 0.5637
2024-12-20 10:27:28,663 - INFO - Layer: layer1.2.conv1, Avg kernel 0 ratio: 0.5242
2024-12-20 10:27:28,663 - INFO - Layer: layer1.2.conv2, Avg kernel 0 ratio: 0.5320
2024-12-20 10:27:28,663 - INFO - Layer: layer1.2.conv3, Avg kernel 0 ratio: 0.5769
2024-12-20 10:27:28,664 - INFO - Layer: layer2.0.conv1, Avg kernel 0 ratio: 0.5387
2024-12-20 10:27:28,664 - INFO - Layer: layer2.0.conv2, Avg kernel 0 ratio: 0.5321
2024-12-20 10:27:28,664 - INFO - Layer: layer2.0.conv3, Avg kernel 0 ratio: 0.5974
2024-12-20 10:27:28,664 - INFO - Layer: layer2.0.downsample.0, Avg kernel 0 ratio: 0.6125
2024-12-20 10:27:28,664 - INFO - Layer: layer2.1.conv1, Avg kernel 0 ratio: 0.6081
2024-12-20 10:27:28,664 - INFO - Layer: layer2.1.conv2, Avg kernel 0 ratio: 0.5592
2024-12-20 10:27:28,664 - INFO - Layer: layer2.1.conv3, Avg kernel 0 ratio: 0.5811
2024-12-20 10:27:28,664 - INFO - Layer: layer2.2.conv1, Avg kernel 0 ratio: 0.5482
2024-12-20 10:27:28,664 - INFO - Layer: layer2.2.conv2, Avg kernel 0 ratio: 0.5330
2024-12-20 10:27:28,664 - INFO - Layer: layer2.2.conv3, Avg kernel 0 ratio: 0.5385
2024-12-20 10:27:28,664 - INFO - Layer: layer2.3.conv1, Avg kernel 0 ratio: 0.5452
2024-12-20 10:27:28,664 - INFO - Layer: layer2.3.conv2, Avg kernel 0 ratio: 0.5384
2024-12-20 10:27:28,664 - INFO - Layer: layer2.3.conv3, Avg kernel 0 ratio: 0.5588
2024-12-20 10:27:28,665 - INFO - Layer: layer3.0.conv1, Avg kernel 0 ratio: 0.5538
2024-12-20 10:27:28,665 - INFO - Layer: layer3.0.conv2, Avg kernel 0 ratio: 0.5336
2024-12-20 10:27:28,665 - INFO - Layer: layer3.0.conv3, Avg kernel 0 ratio: 0.5620
2024-12-20 10:27:28,665 - INFO - Layer: layer3.0.downsample.0, Avg kernel 0 ratio: 0.5657
2024-12-20 10:27:28,665 - INFO - Layer: layer3.1.conv1, Avg kernel 0 ratio: 0.5863
2024-12-20 10:27:28,665 - INFO - Layer: layer3.1.conv2, Avg kernel 0 ratio: 0.5469
2024-12-20 10:27:28,665 - INFO - Layer: layer3.1.conv3, Avg kernel 0 ratio: 0.5737
2024-12-20 10:27:28,665 - INFO - Layer: layer3.2.conv1, Avg kernel 0 ratio: 0.5618
2024-12-20 10:27:28,665 - INFO - Layer: layer3.2.conv2, Avg kernel 0 ratio: 0.5535
2024-12-20 10:27:28,665 - INFO - Layer: layer3.2.conv3, Avg kernel 0 ratio: 0.5633
2024-12-20 10:27:28,665 - INFO - Layer: layer3.3.conv1, Avg kernel 0 ratio: 0.5646
2024-12-20 10:27:28,665 - INFO - Layer: layer3.3.conv2, Avg kernel 0 ratio: 0.5612
2024-12-20 10:27:28,666 - INFO - Layer: layer3.3.conv3, Avg kernel 0 ratio: 0.5698
2024-12-20 10:27:28,666 - INFO - Layer: layer3.4.conv1, Avg kernel 0 ratio: 0.5682
2024-12-20 10:27:28,666 - INFO - Layer: layer3.4.conv2, Avg kernel 0 ratio: 0.5648
2024-12-20 10:27:28,666 - INFO - Layer: layer3.4.conv3, Avg kernel 0 ratio: 0.5785
2024-12-20 10:27:28,666 - INFO - Layer: layer3.5.conv1, Avg kernel 0 ratio: 0.5706
2024-12-20 10:27:28,666 - INFO - Layer: layer3.5.conv2, Avg kernel 0 ratio: 0.5674
2024-12-20 10:27:28,666 - INFO - Layer: layer3.5.conv3, Avg kernel 0 ratio: 0.5900
2024-12-20 10:27:28,666 - INFO - Layer: layer4.0.conv1, Avg kernel 0 ratio: 0.5705
2024-12-20 10:27:28,666 - INFO - Layer: layer4.0.conv2, Avg kernel 0 ratio: 0.5790
2024-12-20 10:27:28,666 - INFO - Layer: layer4.0.conv3, Avg kernel 0 ratio: 0.5791
2024-12-20 10:27:28,666 - INFO - Layer: layer4.0.downsample.0, Avg kernel 0 ratio: 0.6067
2024-12-20 10:27:28,666 - INFO - Layer: layer4.1.conv1, Avg kernel 0 ratio: 0.6155
2024-12-20 10:27:28,667 - INFO - Layer: layer4.1.conv2, Avg kernel 0 ratio: 0.5662
2024-12-20 10:27:28,667 - INFO - Layer: layer4.1.conv3, Avg kernel 0 ratio: 0.5524
2024-12-20 10:27:28,667 - INFO - Layer: layer4.2.conv1, Avg kernel 0 ratio: 0.5680
2024-12-20 10:27:28,667 - INFO - Layer: layer4.2.conv2, Avg kernel 0 ratio: 0.5527
2024-12-20 10:27:28,667 - INFO - Layer: layer4.2.conv3, Avg kernel 0 ratio: 0.5686
2024-12-20 10:27:28,667 - INFO - Layer: fc, Avg kernel 0 ratio: 0.6293
